
% Dense CPTs
4 
0 
skipDummy 
0 % number parents
2 % cardinalities
1.09404528326237874e-02 9.89059547167376207e-01 
1 
jump 
0 % number parents
7 % cardinalities
5.61268287530825360e-01 4.38731712469174806e-01 0.00000000000000000e+00 0.00000000000000000e+00 0.00000000000000000e+00 0.00000000000000000e+00 0.00000000000000000e+00 
2 
backoff 
0 % number parents
2 % cardinalities
9.99900000000000011e-01 1.00000000000000086e-04 
3 
jointProbC1C2C3C4 
0 % number parents
207 % cardinalities
0.00000000000000000e+00 2.71958360860075465e-01 5.66166935839958457e-03 4.13690284035256942e-02 8.96568045078419444e-04 4.67437162486757027e-02 4.83606484680600742e-03 1.95185426759045310e-03 1.53779869811438596e-01 8.70442661220179005e-04 5.20494117671690612e-03 3.67573375642544220e-02 6.50618089196814049e-04 6.78489105394248972e-03 9.32544755128004478e-03 3.25445952096775539e-03 2.85363024594586980e-03 2.51974962555791141e-03 1.51079551049800517e-02 3.22129179864284482e-03 1.64289540958511247e-02 1.51810887479257128e-03 2.16858427065919025e-03 3.68683583878192918e-03 3.25308195947073822e-03 1.13846259582052911e-01 4.33948239518415751e-03 1.40955305647556123e-02 4.22704434098528006e-03 4.33745392797892494e-04 1.45545722659419616e-03 3.25307541245369687e-03 5.19539298879494790e-46 4.32934234743283187e-04 1.72914652981475520e-03 2.16872696398937357e-04 2.16872696398937357e-04 5.26433328178455007e-03 1.83946347085108781e-11 4.07174060806406003e-43 9.12018853883518588e-04 2.16872696398937357e-04 3.01920171699110937e-02 1.52142465936900076e-02 2.16872696398937357e-04 3.71257589523101994e-41 7.54629845317181746e-04 2.16901760251818641e-04 6.95396112396315380e-04 2.16872696398936598e-04 1.09484437663544264e-38 5.24231719946590677e-46 2.23745667180793109e-04 2.23271854393044579e-04 1.17977241134753601e-02 4.33745394325930770e-04 1.08392656504963125e-03 1.10853056337278307e-15 1.11633859544449033e-13 5.60637554141246025e-02 1.01910729240492944e-02 1.01930780223490908e-02 1.00270650998243553e-03 1.47262500985290440e-58 8.67490785595774255e-04 4.33745392797876719e-04 1.08141160637028602e-03 6.76369770507271987e-41 3.68021415123545321e-03 6.51792548099315641e-31 3.26470931741584423e-04 7.85095413432385600e-44 2.79090422099092460e-38 5.98460374688798638e-69 1.08436348199468209e-03 2.07464174779670582e-12 5.21148369030142051e-36 2.16872696398937357e-04 3.98535876963946874e-04 2.11899056662984669e-37 5.16461378896687097e-04 9.49796475567687420e-36 1.37436102884795131e-03 2.36302241953614519e-03 1.10935919324590482e-03 1.95423465705492653e-52 1.91246760433730245e-05 6.50891736024754829e-04 4.33745392797875147e-04 3.41572747877046817e-43 1.08436184434587603e-03 4.33745392797875147e-04 2.65584451865722056e-03 3.18939998941160490e-41 1.54952527158341169e-14 1.82669698416473299e-39 3.86645480097716917e-41 8.67490785271246090e-04 9.89837500728331774e-06 1.53462943959928767e-42 3.46779644311691121e-03 4.33745392797875147e-04 2.41652042711145067e-44 6.51777129811118429e-04 1.54805023254967417e-76 2.16872696398946600e-04 4.32971622287476423e-38 1.36388782659198175e-03 2.28836179488367178e-38 6.69126387723009532e-51 6.51428719979954356e-04 2.35373448051833786e-47 6.50618089196813507e-04 9.21123293550161720e-40 0.00000000000000000e+00 2.16872696398937357e-04 2.64274326505438659e-17 7.12392318371021110e-07 4.16753051309179766e-84 2.36032725503666421e-13 2.55802435691577895e-47 1.16867705283005170e-02 3.20168096669573719e-105 1.01768936211001149e-54 4.36929711877543801e-04 3.41179833557664702e-53 2.16872696398937357e-04 1.28384208953110131e-36 0.00000000000000000e+00 2.16872696398937357e-04 1.00009353653079914e-06 1.45971158021760359e-57 2.10473555087582184e-04 6.50675075360810881e-04 2.16872744749836650e-04 1.40810378888836726e-45 1.24012381388317917e-02 8.66176742678325336e-17 9.53747893109999367e-59 2.16872696398937357e-04 0.00000000000000000e+00 2.16872696397201847e-04 0.00000000000000000e+00 2.16872696384063512e-04 6.87195560509599957e-10 2.22587890313402289e-48 1.17485329356912145e-02 8.39538384296418015e-12 4.75129693166435675e-51 4.33745392796329563e-04 2.37596338902844186e-51 4.33745392797881327e-04 1.33561282867322561e-30 3.06605230694644918e-54 4.33745392797875147e-04 6.62168749055837915e-06 1.00010423273904283e-34 1.94928343853154651e-36 5.80220006263347560e-38 6.20138245970640934e-39 2.01938655180417007e-50 2.18246782213867409e-32 7.70799691542049157e-44 2.39445758381674295e-04 3.33711573394506586e-47 4.08748094317962630e-04 9.74670394760896404e-62 6.50606119860826964e-04 4.46151683275537378e-04 1.52740497898788357e-32 1.47153163352363516e-131 4.08679710705393390e-37 3.61376888458527767e-39 2.31877864444971818e-25 1.88097654575152816e-59 1.11477361977108527e-07 8.88982968350367288e-61 1.48135547241247114e-45 6.12652137281348525e-39 3.21408422277946354e-39 3.19198247699295774e-66 0.00000000000000000e+00 5.11563262377304635e-132 5.04047523314275336e-11 4.93179216334971005e-39 1.48085654492774938e-205 1.02242916512775821e-45 0.00000000000000000e+00 2.16872696436062499e-04 2.79833043730405315e-24 1.31445600963221176e-50 4.34322166372475590e-04 1.04313105234205541e-06 3.99481284070750534e-118 0.00000000000000000e+00 2.16872696397205317e-04 1.40645288102927224e-62 4.48963126604779448e-08 2.46357459309111552e-56 2.37464486140809493e-28 9.70880807168732855e-65 1.96766755669101903e-10 3.98406377538320117e-55 1.14597870129730328e-30 6.43328454625293276e-48 2.16872696398937357e-04 0.00000000000000000e+00 

