0.600 0.001 0.000 0.000 0.001 0.001 0.001 0.002 0.014 0.000 0.001 0.000 0.000 0.000 0.001 0.003 0.003 0.001 0.001 0.030 0.001 0.007 0.005 0.021 0.007 0.004 0.002 0.031 0.005 0.026 0.006 0.014 0.017 0.017 0.036 0.000 0.007 0.042 0.056 0.015 0.005 0.007 0.005 0.000 
0.000 0.540 0.000 0.005 0.007 0.000 0.000 0.000 0.003 0.000 0.000 0.003 0.000 0.000 0.000 0.000 0.040 0.000 0.003 0.028 0.000 0.000 0.000 0.007 0.000 0.000 0.003 0.007 0.000 0.000 0.036 0.005 0.000 0.191 0.000 0.000 0.007 0.000 0.002 0.097 0.016 0.000 0.000 0.000 
0.000 0.111 0.444 0.056 0.000 0.000 0.000 0.000 0.000 0.000 0.000 0.000 0.000 0.000 0.000 0.000 0.000 0.000 0.000 0.056 0.000 0.000 0.000 0.278 0.000 0.000 0.000 0.000 0.000 0.000 0.000 0.000 0.000 0.000 0.000 0.000 0.028 0.000 0.000 0.028 0.000 0.000 0.000 0.000 
0.000 0.033 0.033 0.433 0.033 0.033 0.000 0.000 0.000 0.000 0.000 0.000 0.000 0.000 0.000 0.000 0.000 0.000 0.000 0.117 0.017 0.000 0.000 0.033 0.000 0.000 0.000 0.000 0.000 0.033 0.000 0.017 0.000 0.150 0.000 0.000 0.000 0.000 0.000 0.033 0.033 0.000 0.000 0.000 
0.000 0.001 0.000 0.001 0.721 0.001 0.000 0.005 0.000 0.000 0.000 0.000 0.000 0.000 0.000 0.000 0.001 0.001 0.000 0.194 0.000 0.001 0.000 0.014 0.000 0.000 0.002 0.000 0.000 0.001 0.029 0.000 0.005 0.005 0.000 0.000 0.019 0.000 0.000 0.000 0.001 0.001 0.001 0.000 
0.000 0.000 0.000 0.000 0.000 0.825 0.000 0.000 0.004 0.000 0.000 0.000 0.006 0.008 0.031 0.033 0.001 0.007 0.018 0.000 0.000 0.008 0.006 0.006 0.000 0.000 0.000 0.001 0.003 0.011 0.003 0.000 0.000 0.000 0.003 0.000 0.000 0.001 0.022 0.000 0.000 0.000 0.000 0.003 
0.000 0.000 0.000 0.000 0.000 0.000 0.658 0.000 0.017 0.000 0.000 0.000 0.000 0.000 0.000 0.015 0.000 0.015 0.000 0.000 0.010 0.000 0.058 0.005 0.000 0.019 0.000 0.005 0.073 0.010 0.005 0.000 0.002 0.002 0.005 0.000 0.010 0.000 0.005 0.005 0.017 0.005 0.015 0.046 
0.001 0.000 0.000 0.000 0.040 0.000 0.000 0.443 0.001 0.000 0.000 0.000 0.000 0.000 0.001 0.000 0.001 0.000 0.000 0.071 0.001 0.000 0.001 0.347 0.001 0.000 0.004 0.019 0.019 0.000 0.004 0.003 0.001 0.014 0.001 0.000 0.016 0.000 0.002 0.004 0.001 0.000 0.000 0.000 
0.000 0.001 0.000 0.000 0.000 0.000 0.001 0.000 0.749 0.000 0.000 0.000 0.000 0.001 0.000 0.000 0.000 0.001 0.000 0.000 0.000 0.002 0.001 0.023 0.001 0.001 0.001 0.159 0.028 0.000 0.000 0.002 0.003 0.001 0.000 0.000 0.001 0.000 0.000 0.003 0.003 0.003 0.000 0.014 
0.000 0.000 0.000 0.000 0.000 0.000 0.000 0.000 0.000 0.600 0.000 0.000 0.000 0.000 0.000 0.000 0.000 0.000 0.000 0.000 0.000 0.000 0.000 0.000 0.000 0.000 0.000 0.000 0.000 0.000 0.000 0.100 0.300 0.000 0.000 0.000 0.000 0.000 0.000 0.000 0.000 0.000 0.000 0.000 
0.000 0.000 0.000 0.000 0.000 0.000 0.000 0.000 0.051 0.000 0.467 0.000 0.000 0.000 0.000 0.000 0.000 0.000 0.000 0.000 0.000 0.000 0.000 0.015 0.000 0.000 0.000 0.007 0.000 0.000 0.007 0.131 0.124 0.000 0.000 0.000 0.000 0.000 0.000 0.029 0.000 0.000 0.000 0.168 
0.000 0.052 0.000 0.000 0.041 0.000 0.000 0.000 0.000 0.000 0.000 0.088 0.000 0.000 0.000 0.000 0.000 0.000 0.000 0.062 0.000 0.000 0.000 0.036 0.000 0.000 0.005 0.031 0.000 0.000 0.088 0.000 0.015 0.531 0.000 0.000 0.015 0.000 0.000 0.031 0.005 0.000 0.000 0.000 
0.000 0.000 0.000 0.000 0.000 0.133 0.089 0.000 0.089 0.000 0.000 0.000 0.089 0.000 0.044 0.067 0.000 0.089 0.000 0.000 0.000 0.000 0.111 0.000 0.000 0.044 0.000 0.156 0.000 0.000 0.000 0.000 0.000 0.000 0.022 0.000 0.000 0.022 0.000 0.000 0.044 0.000 0.000 0.000 
0.000 0.000 0.000 0.000 0.000 0.014 0.005 0.000 0.005 0.000 0.000 0.000 0.000 0.699 0.014 0.000 0.000 0.033 0.009 0.002 0.000 0.007 0.038 0.012 0.000 0.000 0.009 0.002 0.002 0.005 0.000 0.005 0.005 0.000 0.000 0.000 0.071 0.014 0.005 0.000 0.014 0.000 0.024 0.005 
0.005 0.000 0.000 0.000 0.000 0.033 0.000 0.000 0.004 0.000 0.000 0.000 0.000 0.005 0.700 0.005 0.000 0.090 0.033 0.000 0.000 0.000 0.000 0.001 0.044 0.000 0.002 0.002 0.007 0.000 0.000 0.000 0.000 0.000 0.002 0.000 0.002 0.029 0.001 0.000 0.000 0.034 0.000 0.000 
0.000 0.000 0.000 0.000 0.000 0.027 0.033 0.000 0.000 0.000 0.000 0.000 0.000 0.000 0.000 0.661 0.000 0.003 0.003 0.003 0.003 0.014 0.016 0.006 0.000 0.000 0.003 0.011 0.022 0.066 0.003 0.000 0.002 0.003 0.003 0.000 0.000 0.006 0.085 0.000 0.003 0.006 0.003 0.014 
0.000 0.046 0.000 0.000 0.000 0.000 0.000 0.000 0.014 0.000 0.000 0.000 0.000 0.000 0.000 0.000 0.398 0.000 0.000 0.000 0.000 0.003 0.002 0.015 0.000 0.000 0.007 0.007 0.000 0.000 0.003 0.012 0.003 0.065 0.003 0.000 0.007 0.000 0.000 0.404 0.005 0.000 0.003 0.000 
0.000 0.000 0.000 0.000 0.000 0.007 0.000 0.000 0.020 0.000 0.000 0.000 0.000 0.017 0.011 0.000 0.000 0.805 0.011 0.000 0.004 0.000 0.000 0.013 0.000 0.000 0.007 0.026 0.017 0.000 0.002 0.000 0.000 0.000 0.000 0.000 0.018 0.004 0.004 0.007 0.013 0.004 0.007 0.004 
0.000 0.000 0.000 0.000 0.000 0.019 0.000 0.000 0.002 0.000 0.000 0.000 0.000 0.053 0.025 0.004 0.000 0.016 0.739 0.000 0.000 0.009 0.004 0.005 0.004 0.000 0.007 0.011 0.002 0.000 0.000 0.000 0.000 0.000 0.011 0.000 0.030 0.049 0.007 0.000 0.000 0.000 0.004 0.004 
0.000 0.001 0.000 0.000 0.084 0.000 0.000 0.003 0.001 0.000 0.000 0.000 0.000 0.000 0.001 0.000 0.000 0.000 0.000 0.752 0.000 0.000 0.000 0.059 0.001 0.000 0.002 0.003 0.000 0.001 0.022 0.000 0.006 0.046 0.000 0.000 0.009 0.001 0.001 0.001 0.001 0.001 0.002 0.000 
0.000 0.000 0.000 0.000 0.000 0.000 0.000 0.000 0.001 0.000 0.000 0.000 0.000 0.000 0.000 0.000 0.000 0.000 0.000 0.003 0.690 0.003 0.054 0.001 0.000 0.008 0.000 0.027 0.000 0.002 0.009 0.027 0.019 0.003 0.037 0.000 0.001 0.000 0.007 0.004 0.104 0.000 0.001 0.001 
0.000 0.000 0.000 0.000 0.001 0.011 0.000 0.001 0.002 0.000 0.000 0.000 0.000 0.003 0.000 0.025 0.000 0.003 0.006 0.007 0.000 0.574 0.009 0.001 0.009 0.000 0.000 0.004 0.001 0.014 0.000 0.005 0.001 0.003 0.018 0.001 0.003 0.084 0.180 0.001 0.003 0.005 0.024 0.001 
0.000 0.000 0.000 0.000 0.000 0.000 0.011 0.001 0.002 0.000 0.000 0.000 0.000 0.001 0.000 0.001 0.000 0.002 0.000 0.001 0.020 0.012 0.746 0.010 0.001 0.010 0.000 0.009 0.006 0.008 0.009 0.003 0.022 0.004 0.007 0.000 0.034 0.003 0.039 0.004 0.016 0.000 0.014 0.003 
0.002 0.000 0.000 0.000 0.004 0.000 0.000 0.030 0.006 0.000 0.000 0.000 0.000 0.000 0.000 0.000 0.000 0.001 0.001 0.064 0.001 0.000 0.004 0.728 0.001 0.001 0.002 0.066 0.013 0.001 0.001 0.003 0.011 0.023 0.001 0.000 0.019 0.003 0.002 0.004 0.003 0.000 0.003 0.001 
0.004 0.000 0.000 0.000 0.000 0.000 0.000 0.000 0.001 0.000 0.000 0.000 0.000 0.000 0.011 0.002 0.001 0.000 0.001 0.002 0.002 0.012 0.002 0.002 0.385 0.002 0.010 0.000 0.005 0.017 0.013 0.002 0.007 0.007 0.035 0.002 0.017 0.354 0.022 0.004 0.027 0.028 0.018 0.000 
0.000 0.000 0.000 0.000 0.000 0.000 0.018 0.000 0.034 0.000 0.000 0.003 0.000 0.000 0.000 0.005 0.000 0.000 0.000 0.005 0.034 0.016 0.089 0.010 0.000 0.420 0.008 0.016 0.000 0.110 0.005 0.029 0.016 0.005 0.037 0.000 0.021 0.000 0.018 0.005 0.052 0.029 0.000 0.016 
0.000 0.000 0.000 0.000 0.000 0.000 0.000 0.003 0.005 0.000 0.000 0.000 0.000 0.003 0.000 0.000 0.000 0.000 0.003 0.028 0.000 0.000 0.001 0.022 0.003 0.003 0.684 0.009 0.015 0.003 0.056 0.005 0.024 0.020 0.005 0.000 0.038 0.004 0.000 0.007 0.032 0.016 0.011 0.003 
0.000 0.000 0.000 0.000 0.000 0.000 0.001 0.001 0.098 0.000 0.000 0.000 0.000 0.000 0.000 0.001 0.001 0.002 0.002 0.004 0.001 0.000 0.002 0.158 0.000 0.002 0.001 0.627 0.058 0.001 0.002 0.003 0.004 0.003 0.001 0.000 0.006 0.001 0.002 0.005 0.006 0.001 0.001 0.008 
0.000 0.000 0.000 0.000 0.000 0.001 0.003 0.002 0.047 0.000 0.000 0.000 0.000 0.001 0.001 0.003 0.001 0.008 0.000 0.000 0.001 0.000 0.007 0.052 0.000 0.006 0.007 0.093 0.690 0.002 0.018 0.001 0.003 0.000 0.001 0.000 0.009 0.000 0.001 0.000 0.016 0.001 0.002 0.024 
0.000 0.000 0.000 0.000 0.001 0.002 0.000 0.000 0.002 0.000 0.000 0.000 0.000 0.001 0.001 0.007 0.001 0.002 0.001 0.002 0.001 0.007 0.002 0.003 0.001 0.018 0.001 0.000 0.000 0.855 0.002 0.002 0.004 0.004 0.033 0.000 0.003 0.004 0.029 0.002 0.002 0.006 0.001 0.001 
0.000 0.002 0.000 0.001 0.009 0.000 0.001 0.004 0.001 0.000 0.000 0.001 0.000 0.000 0.000 0.000 0.000 0.001 0.001 0.036 0.001 0.001 0.007 0.021 0.003 0.000 0.020 0.007 0.009 0.000 0.653 0.006 0.016 0.095 0.001 0.000 0.036 0.003 0.002 0.012 0.037 0.001 0.011 0.002 
0.001 0.000 0.000 0.001 0.001 0.001 0.000 0.002 0.008 0.000 0.003 0.000 0.000 0.000 0.000 0.001 0.003 0.000 0.000 0.002 0.003 0.000 0.006 0.002 0.000 0.002 0.000 0.007 0.003 0.000 0.008 0.768 0.098 0.007 0.002 0.000 0.002 0.000 0.000 0.013 0.027 0.000 0.003 0.024 
0.001 0.000 0.000 0.000 0.001 0.000 0.000 0.002 0.005 0.000 0.003 0.000 0.000 0.000 0.000 0.001 0.000 0.000 0.000 0.003 0.001 0.001 0.019 0.014 0.000 0.001 0.004 0.016 0.003 0.000 0.008 0.067 0.788 0.004 0.000 0.000 0.006 0.001 0.002 0.003 0.011 0.000 0.005 0.032 
0.000 0.009 0.000 0.000 0.005 0.000 0.000 0.001 0.001 0.000 0.000 0.000 0.000 0.000 0.000 0.000 0.002 0.000 0.000 0.071 0.000 0.000 0.002 0.029 0.000 0.000 0.009 0.005 0.000 0.001 0.035 0.001 0.004 0.761 0.001 0.000 0.016 0.000 0.001 0.038 0.004 0.000 0.001 0.000 
0.000 0.000 0.000 0.000 0.000 0.000 0.000 0.000 0.000 0.000 0.000 0.000 0.000 0.000 0.001 0.001 0.001 0.000 0.000 0.003 0.022 0.007 0.005 0.004 0.008 0.004 0.000 0.002 0.001 0.020 0.002 0.005 0.001 0.007 0.817 0.000 0.001 0.009 0.066 0.002 0.009 0.000 0.002 0.000 
0.000 0.000 0.000 0.000 0.000 0.094 0.000 0.000 0.062 0.000 0.000 0.000 0.000 0.000 0.062 0.000 0.000 0.000 0.000 0.000 0.000 0.312 0.125 0.000 0.000 0.000 0.062 0.000 0.000 0.000 0.000 0.062 0.062 0.000 0.125 0.000 0.000 0.000 0.000 0.000 0.000 0.000 0.031 0.000 
0.000 0.000 0.000 0.001 0.002 0.000 0.001 0.002 0.001 0.000 0.000 0.000 0.000 0.007 0.000 0.000 0.001 0.002 0.001 0.036 0.000 0.001 0.023 0.085 0.001 0.000 0.010 0.010 0.009 0.002 0.033 0.001 0.018 0.031 0.001 0.000 0.680 0.002 0.000 0.004 0.020 0.000 0.014 0.001 
0.000 0.001 0.000 0.000 0.000 0.004 0.001 0.000 0.000 0.000 0.000 0.000 0.000 0.006 0.015 0.009 0.000 0.001 0.007 0.001 0.000 0.036 0.002 0.002 0.026 0.000 0.000 0.002 0.006 0.004 0.002 0.001 0.001 0.001 0.004 0.000 0.005 0.795 0.022 0.001 0.008 0.014 0.025 0.000 
0.000 0.001 0.000 0.000 0.000 0.001 0.002 0.002 0.001 0.000 0.000 0.000 0.000 0.001 0.000 0.014 0.000 0.001 0.000 0.001 0.002 0.040 0.036 0.003 0.002 0.003 0.001 0.001 0.003 0.029 0.003 0.000 0.006 0.000 0.054 0.001 0.005 0.020 0.747 0.000 0.002 0.002 0.015 0.001 
0.000 0.017 0.000 0.000 0.000 0.001 0.000 0.000 0.004 0.000 0.000 0.000 0.000 0.000 0.001 0.000 0.077 0.000 0.001 0.007 0.004 0.000 0.003 0.010 0.001 0.001 0.002 0.012 0.001 0.002 0.021 0.006 0.003 0.205 0.001 0.000 0.012 0.002 0.002 0.589 0.011 0.000 0.003 0.003 
0.000 0.002 0.000 0.000 0.000 0.000 0.000 0.001 0.001 0.000 0.000 0.000 0.000 0.001 0.000 0.001 0.003 0.000 0.000 0.001 0.020 0.002 0.014 0.003 0.002 0.003 0.013 0.010 0.018 0.000 0.052 0.029 0.028 0.012 0.003 0.000 0.031 0.002 0.007 0.010 0.699 0.000 0.029 0.003 
0.010 0.000 0.000 0.000 0.003 0.004 0.001 0.000 0.004 0.000 0.000 0.000 0.000 0.000 0.012 0.003 0.000 0.009 0.000 0.012 0.003 0.015 0.006 0.012 0.021 0.009 0.012 0.001 0.003 0.049 0.006 0.003 0.003 0.000 0.009 0.000 0.039 0.109 0.000 0.003 0.000 0.633 0.003 0.000 
0.001 0.001 0.000 0.000 0.000 0.000 0.004 0.000 0.006 0.000 0.000 0.000 0.000 0.004 0.001 0.000 0.001 0.009 0.000 0.005 0.007 0.011 0.048 0.016 0.007 0.005 0.008 0.028 0.006 0.003 0.019 0.006 0.023 0.009 0.004 0.001 0.031 0.019 0.010 0.007 0.081 0.006 0.610 0.005 
0.000 0.000 0.000 0.000 0.000 0.001 0.011 0.000 0.046 0.000 0.002 0.000 0.000 0.000 0.001 0.004 0.000 0.002 0.000 0.000 0.001 0.000 0.000 0.013 0.000 0.007 0.001 0.020 0.017 0.000 0.002 0.054 0.048 0.001 0.000 0.000 0.001 0.000 0.001 0.002 0.006 0.000 0.002 0.757 
